src path: ..\scene_src
dst path: .
SCUI_UI_SCENE_BUTTERFLY
SCUI_UI_SCENE_BUTTERFLY_CUSTOM
SCUI_UI_SCENE_CUBE
SCUI_UI_SCENE_CUBE_CUSTOM
SCUI_UI_SCENE_LANTERN
SCUI_UI_SCENE_LANTERN_CUSTOM
SCUI_UI_SCENE_SOCCER
SCUI_UI_SCENE_SOCCER_CUSTOM
SCUI_UI_SCENE_HONEYCOMB
SCUI_UI_SCENE_HONEYCOMB_SCROLL
SCUI_UI_SCENE_LIST_ARC
SCUI_UI_SCENE_LIST_ARC_SCROLL
SCUI_UI_SCENE_LIST_ARC_BAR_ARC
SCUI_UI_SCENE_LIST_ARC_MASK
SCUI_UI_SCENE_LIST_SCALE
SCUI_UI_SCENE_LIST_SCALE_BAR_ARC
SCUI_UI_SCENE_LIST_SCALE_MASK
SCUI_UI_SCENE_SPREAD
SCUI_UI_SCENE_SPREAD_CUSTOM
SCUI_UI_SCENE_THUMBWHEEL
SCUI_UI_SCENE_THUMBWHEEL_CUSTOM
SCUI_UI_SCENE_WATERFALL
SCUI_UI_SCENE_WATERFALL_SCROLL
SCUI_UI_SCENE_WATERFALL_BAR_ARC
SCUI_UI_SCENE_MONITOR
SCUI_UI_SCENE_POPUP
SCUI_UI_SCENE_POPUP_SCALE
SCUI_UI_SCENE_POPUP_BG
SCUI_UI_SCENE_ACTIVITY
SCUI_UI_SCENE_ACTIVITY_SCROLL
SCUI_UI_SCENE_ACTIVITY_BAR_ARC
SCUI_UI_SCENE_ACTIVITY_SCROLL_RING_BIG_3
SCUI_UI_SCENE_ACTIVITY_SCROLL_DITAIL_TITLE
SCUI_UI_SCENE_ACTIVITY_SCROLL_DITAIL_SUM
SCUI_UI_SCENE_ACTIVITY_SCROLL_DITAIL_KCAL
SCUI_UI_SCENE_ACTIVITY_SCROLL_DITAIL_STEP
SCUI_UI_SCENE_ACTIVITY_SCROLL_DITAIL_DIST
SCUI_UI_SCENE_ACTIVITY_SCROLL_BLANK
SCUI_UI_SCENE_HOME
SCUI_UI_SCENE_MINI_CARD
SCUI_UI_SCENE_MINI_CARD_BAR_ARC
SCUI_UI_SCENE_MINI_CARD_MASK
SCUI_UI_SCENE_NONE
SCUI_UI_SCENE_NOTIFY
SCUI_UI_SCENE_QUICK_CARD
SCUI_UI_SCENE_STANDBY
SCUI_UI_SCENE_FLOAT_1
SCUI_UI_SCENE_FLOAT_1_1
SCUI_UI_SCENE_FLOAT_1_2
SCUI_UI_SCENE_FLOAT_2
SCUI_UI_SCENE_FLOAT_2_C
SCUI_UI_SCENE_FLOAT_2_1
SCUI_UI_SCENE_FLOAT_2_2
SCUI_UI_SCENE_FLOAT_2_3
SCUI_UI_SCENE_FLOAT_2_4
SCUI_UI_SCENE_FLOAT_2_5
SCUI_UI_SCENE_FLOAT_3
SCUI_UI_SCENE_FLOAT_3_RING
SCUI_UI_SCENE_FLOAT_3_BTN
SCUI_UI_SCENE_FLOAT_4
SCUI_UI_SCENE_1
SCUI_UI_SCENE_1_VEDIO
SCUI_UI_SCENE_2
SCUI_UI_SCENE_2_BAR_ARC
SCUI_UI_SCENE_2_RING
SCUI_UI_SCENE_3
SCUI_UI_SCENE_6
SCUI_UI_SCENE_6_1
SCUI_UI_SCENE_6_2
SCUI_UI_SCENE_6_3
SCUI_UI_SCENE_6_4
SCUI_UI_SCENE_6_5
SCUI_UI_SCENE_6_6
SCUI_UI_SCENE_6_7
SCUI_UI_SCENE_6_8
SCUI_UI_SCENE_6_9
SCUI_UI_SCENE_TEST
scui widget parser finish
请按任意键退出...