src path: .\scene_src
dst path: .\scene_out
SCUI_UI_SCENE_CUBE
SCUI_UI_SCENE_CUBE_CUSTOM
SCUI_UI_SCENE_FLOAT_1
SCUI_UI_SCENE_FLOAT_1_C
SCUI_UI_SCENE_FLOAT_1_LU
SCUI_UI_SCENE_FLOAT_1_RU
SCUI_UI_SCENE_FLOAT_1_LD
SCUI_UI_SCENE_FLOAT_1_RD
SCUI_UI_SCENE_FLOAT_2
SCUI_UI_SCENE_FLOAT_2_C
SCUI_UI_SCENE_FLOAT_2_LU
SCUI_UI_SCENE_FLOAT_2_RU
SCUI_UI_SCENE_FLOAT_2_LD
SCUI_UI_SCENE_FLOAT_2_RD
SCUI_UI_SCENE_FLOAT_3
SCUI_UI_SCENE_FLOAT_3_C
SCUI_UI_SCENE_FLOAT_3_LU
SCUI_UI_SCENE_FLOAT_3_RU
SCUI_UI_SCENE_FLOAT_3_LD
SCUI_UI_SCENE_FLOAT_3_RD
SCUI_UI_SCENE_FLOAT_4
SCUI_UI_SCENE_FLOAT_4_C
SCUI_UI_SCENE_FLOAT_4_LU
SCUI_UI_SCENE_FLOAT_4_RU
SCUI_UI_SCENE_FLOAT_4_LD
SCUI_UI_SCENE_FLOAT_4_RD
SCUI_UI_SCENE_HOME
SCUI_UI_SCENE_HOME_C
SCUI_UI_SCENE_HOME_LU
SCUI_UI_SCENE_HOME_RU
SCUI_UI_SCENE_HOME_LD
SCUI_UI_SCENE_HOME_RD
SCUI_UI_SCENE_LANTERN
SCUI_UI_SCENE_LANTERN_CUSTOM
SCUI_UI_SCENE_1
SCUI_UI_SCENE_1_PTR
SCUI_UI_SCENE_2
SCUI_UI_SCENE_2_C
SCUI_UI_SCENE_2_LU
SCUI_UI_SCENE_2_RU
SCUI_UI_SCENE_2_LD
SCUI_UI_SCENE_2_RD
SCUI_UI_SCENE_3
SCUI_UI_SCENE_3_C
SCUI_UI_SCENE_3_LU
SCUI_UI_SCENE_3_RU
SCUI_UI_SCENE_3_LD
SCUI_UI_SCENE_3_RD
SCUI_UI_SCENE_4
SCUI_UI_SCENE_4_C
SCUI_UI_SCENE_4_LU
SCUI_UI_SCENE_4_RU
SCUI_UI_SCENE_4_LD
SCUI_UI_SCENE_4_RD
SCUI_UI_SCENE_5
SCUI_UI_SCENE_5_C
SCUI_UI_SCENE_5_LU
SCUI_UI_SCENE_5_RU
SCUI_UI_SCENE_5_LD
SCUI_UI_SCENE_5_RD
SCUI_UI_SCENE_6
SCUI_UI_SCENE_6_C
SCUI_UI_SCENE_6_LU
SCUI_UI_SCENE_6_RU
SCUI_UI_SCENE_6_LD
SCUI_UI_SCENE_6_RD
SCUI_UI_SCENE_TEST
scui widget parser finish
请按任意键退出...