src path: ..\font_bin
dst path: .
font:font_ascii_8_bin
font:font_ascii_12_bin
font:font_ascii_16_bin
font:font_ascii_20_bin
font:font_ascii_24_bin
font:font_ascii_32_bin
font:font_ascii_40_bin
font:font_ascii_48_bin
font:font_ascii_56_bin
font:font_ascii_64_bin
font:font_ascii_72_bin
font:font_ascii_80_bin
font:font_ascii_88_bin
font:font_symbol_8_bin
font:font_symbol_12_bin
font:font_symbol_16_bin
font:font_symbol_20_bin
font:font_symbol_24_bin
font:font_symbol_32_bin
font:font_symbol_40_bin
font:font_symbol_48_bin
font:font_symbol_56_bin
font:font_symbol_64_bin
font:font_symbol_72_bin
font:font_symbol_80_bin
font:font_symbol_88_bin
font:font_en_32_bin
font:font_en_36_bin
font:font_eu_32_bin
font:font_eu_36_bin
font:font_cjk_32_bin
font:font_cjk_36_bin
font:font_tinyTTF_ttf
scui font parser finish
请按任意键退出...